<?xml version="1.0" encoding="UTF-8"?>
<!-- Generated by org.testng.reporters.JUnitReportReporter -->
<testsuite hostname="DESKTOP-N9BKNFU" failures="0" tests="4" name="com.WebTests.D02EchotrakLogin" time="8.751" errors="0" timestamp="2023-07-21T17:37:09 IST" skipped="0">
  <testcase classname="com.WebTests.D02EchotrakLogin" name="f" time="2.044"/>
  <testcase classname="com.WebTests.D02EchotrakLogin" name="f" time="2.249"/>
  <testcase classname="com.WebTests.D02EchotrakLogin" name="f" time="1.793"/>
  <testcase classname="com.WebTests.D02EchotrakLogin" name="f" time="2.665"/>
</testsuite> <!-- com.WebTests.D02EchotrakLogin -->
