<?xml version="1.0" encoding="UTF-8"?>
<!-- Generated by org.testng.reporters.JUnitReportReporter -->
<testsuite hostname="DESKTOP-N9BKNFU" failures="0" tests="4" name="com.WebTests.D03LoginToPracticetest" time="5.691" errors="0" timestamp="2023-07-19T21:06:04 IST" skipped="0">
  <testcase classname="com.WebTests.D03LoginToPracticetest" name="login" time="0.624"/>
  <testcase classname="com.WebTests.D03LoginToPracticetest" name="login" time="1.399"/>
  <testcase classname="com.WebTests.D03LoginToPracticetest" name="login" time="3.000"/>
  <testcase classname="com.WebTests.D03LoginToPracticetest" name="login" time="0.668"/>
</testsuite> <!-- com.WebTests.D03LoginToPracticetest -->
